# JRE version: OpenJDK Runtime Environment (8.0_202-b03) (build 1.8.0_202-release-1483-b03)
# Java VM: OpenJDK 64-Bit Server VM (25.202-b03 mixed mode windows-amd64 compressed oops)
Heap:
 PSYoungGen      total 214528K, used 129803K [0x0000000760000000, 0x0000000771f80000, 0x00000007c0000000)
  eden space 164864K, 57% used [0x0000000760000000,0x0000000765bd91d8,0x000000076a100000)
  from space 49664K, 71% used [0x000000076a100000,0x000000076c3e9a78,0x000000076d180000)
  to   space 53248K, 0% used [0x000000076eb80000,0x000000076eb80000,0x0000000771f80000)
 ParOldGen       total 207872K, used 101537K [0x00000006a0000000, 0x00000006acb00000, 0x0000000760000000)
  object space 207872K, 48% used [0x00000006a0000000,0x00000006a6328690,0x00000006acb00000)
 Metaspace       used 69821K, capacity 72506K, committed 72704K, reserved 1112064K
  class space    used 9621K, capacity 10225K, committed 10240K, reserved 1048576K
GC Heap History (10 events):
Event: 71.229 GC heap before
{Heap before GC invocations=17 (full 3):
 PSYoungGen      total 152064K, used 133120K [0x0000000760000000, 0x000000076ce80000, 0x00000007c0000000)
  eden space 133120K, 100% used [0x0000000760000000,0x0000000768200000,0x0000000768200000)
  from space 18944K, 0% used [0x0000000768200000,0x0000000768200000,0x0000000769480000)
  to   space 22528K, 0% used [0x000000076b880000,0x000000076b880000,0x000000076ce80000)
 ParOldGen       total 99840K, used 34356K [0x00000006a0000000, 0x00000006a6180000, 0x0000000760000000)
  object space 99840K, 34% used [0x00000006a0000000,0x00000006a218d0a8,0x00000006a6180000)
 Metaspace       used 60568K, capacity 62428K, committed 62464K, reserved 1103872K
  class space    used 8187K, capacity 8670K, committed 8704K, reserved 1048576K
Event: 71.289 GC heap after
Heap after GC invocations=17 (full 3):
 PSYoungGen      total 174592K, used 11993K [0x0000000760000000, 0x000000076c700000, 0x00000007c0000000)
  eden space 159744K, 0% used [0x0000000760000000,0x0000000760000000,0x0000000769c00000)
  from space 14848K, 80% used [0x000000076b880000,0x000000076c4367d8,0x000000076c700000)
  to   space 22016K, 0% used [0x0000000769c00000,0x0000000769c00000,0x000000076b180000)
 ParOldGen       total 99840K, used 34364K [0x00000006a0000000, 0x00000006a6180000, 0x0000000760000000)
  object space 99840K, 34% used [0x00000006a0000000,0x00000006a218f0a8,0x00000006a6180000)
 Metaspace       used 60568K, capacity 62428K, committed 62464K, reserved 1103872K
  class space    used 8187K, capacity 8670K, committed 8704K, reserved 1048576K
}
Event: 83.417 GC heap before
{Heap before GC invocations=18 (full 3):
 PSYoungGen      total 174592K, used 171737K [0x0000000760000000, 0x000000076c700000, 0x00000007c0000000)
  eden space 159744K, 100% used [0x0000000760000000,0x0000000769c00000,0x0000000769c00000)
  from space 14848K, 80% used [0x000000076b880000,0x000000076c4367d8,0x000000076c700000)
  to   space 22016K, 0% used [0x0000000769c00000,0x0000000769c00000,0x000000076b180000)
 ParOldGen       total 99840K, used 34364K [0x00000006a0000000, 0x00000006a6180000, 0x0000000760000000)
  object space 99840K, 34% used [0x00000006a0000000,0x00000006a218f0a8,0x00000006a6180000)
 Metaspace       used 61484K, capacity 63466K, committed 63616K, reserved 1103872K
  class space    used 8289K, capacity 8759K, committed 8832K, reserved 1048576K
Event: 83.526 GC heap after
Heap after GC invocations=18 (full 3):
 PSYoungGen      total 181760K, used 20816K [0x0000000760000000, 0x000000076ea00000, 0x00000007c0000000)
  eden space 159744K, 0% used [0x0000000760000000,0x0000000760000000,0x0000000769c00000)
  from space 22016K, 94% used [0x0000000769c00000,0x000000076b054070,0x000000076b180000)
  to   space 25088K, 0% used [0x000000076d180000,0x000000076d180000,0x000000076ea00000)
 ParOldGen       total 99840K, used 34372K [0x00000006a0000000, 0x00000006a6180000, 0x0000000760000000)
  object space 99840K, 34% used [0x00000006a0000000,0x00000006a21910a8,0x00000006a6180000)
 Metaspace       used 61484K, capacity 63466K, committed 63616K, reserved 1103872K
  class space    used 8289K, capacity 8759K, committed 8832K, reserved 1048576K
}
Event: 96.860 GC heap before
{Heap before GC invocations=19 (full 3):
 PSYoungGen      total 181760K, used 180560K [0x0000000760000000, 0x000000076ea00000, 0x00000007c0000000)
  eden space 159744K, 100% used [0x0000000760000000,0x0000000769c00000,0x0000000769c00000)
  from space 22016K, 94% used [0x0000000769c00000,0x000000076b054070,0x000000076b180000)
  to   space 25088K, 0% used [0x000000076d180000,0x000000076d180000,0x000000076ea00000)
 ParOldGen       total 99840K, used 34372K [0x00000006a0000000, 0x00000006a6180000, 0x0000000760000000)
  object space 99840K, 34% used [0x00000006a0000000,0x00000006a21910a8,0x00000006a6180000)
 Metaspace       used 65621K, capacity 67748K, committed 67840K, reserved 1107968K
  class space    used 8955K, capacity 9464K, committed 9472K, reserved 1048576K
Event: 97.529 GC heap after
Heap after GC invocations=19 (full 3):
 PSYoungGen      total 189952K, used 25083K [0x0000000760000000, 0x0000000772500000, 0x00000007c0000000)
  eden space 164864K, 0% used [0x0000000760000000,0x0000000760000000,0x000000076a100000)
  from space 25088K, 99% used [0x000000076d180000,0x000000076e9fed58,0x000000076ea00000)
  to   space 49664K, 0% used [0x000000076a100000,0x000000076a100000,0x000000076d180000)
 ParOldGen       total 99840K, used 90589K [0x00000006a0000000, 0x00000006a6180000, 0x0000000760000000)
  object space 99840K, 90% used [0x00000006a0000000,0x00000006a58775b0,0x00000006a6180000)
 Metaspace       used 65621K, capacity 67748K, committed 67840K, reserved 1107968K
  class space    used 8955K, capacity 9464K, committed 9472K, reserved 1048576K
}
Event: 97.529 GC heap before
{Heap before GC invocations=20 (full 4):
 PSYoungGen      total 189952K, used 25083K [0x0000000760000000, 0x0000000772500000, 0x00000007c0000000)
  eden space 164864K, 0% used [0x0000000760000000,0x0000000760000000,0x000000076a100000)
  from space 25088K, 99% used [0x000000076d180000,0x000000076e9fed58,0x000000076ea00000)
  to   space 49664K, 0% used [0x000000076a100000,0x000000076a100000,0x000000076d180000)
 ParOldGen       total 99840K, used 90589K [0x00000006a0000000, 0x00000006a6180000, 0x0000000760000000)
  object space 99840K, 90% used [0x00000006a0000000,0x00000006a58775b0,0x00000006a6180000)
 Metaspace       used 65621K, capacity 67748K, committed 67840K, reserved 1107968K
  class space    used 8955K, capacity 9464K, committed 9472K, reserved 1048576K
Event: 100.565 GC heap after
Heap after GC invocations=20 (full 4):
 PSYoungGen      total 189952K, used 11582K [0x0000000760000000, 0x0000000772500000, 0x00000007c0000000)
  eden space 164864K, 0% used [0x0000000760000000,0x0000000760000000,0x000000076a100000)
  from space 25088K, 46% used [0x000000076d180000,0x000000076dccfaf0,0x000000076ea00000)
  to   space 49664K, 0% used [0x000000076a100000,0x000000076a100000,0x000000076d180000)
 ParOldGen       total 207872K, used 99557K [0x00000006a0000000, 0x00000006acb00000, 0x0000000760000000)
  object space 207872K, 47% used [0x00000006a0000000,0x00000006a6139670,0x00000006acb00000)
 Metaspace       used 65614K, capacity 67728K, committed 67840K, reserved 1107968K
  class space    used 8953K, capacity 9460K, committed 9472K, reserved 1048576K
}
Event: 106.249 GC heap before
{Heap before GC invocations=21 (full 4):
 PSYoungGen      total 189952K, used 176446K [0x0000000760000000, 0x0000000772500000, 0x00000007c0000000)
  eden space 164864K, 100% used [0x0000000760000000,0x000000076a100000,0x000000076a100000)
  from space 25088K, 46% used [0x000000076d180000,0x000000076dccfaf0,0x000000076ea00000)
  to   space 49664K, 0% used [0x000000076a100000,0x000000076a100000,0x000000076d180000)
 ParOldGen       total 207872K, used 99557K [0x00000006a0000000, 0x00000006acb00000, 0x0000000760000000)
  object space 207872K, 47% used [0x00000006a0000000,0x00000006a6139670,0x00000006acb00000)
 Metaspace       used 66335K, capacity 68634K, committed 68736K, reserved 1107968K
  class space    used 9027K, capacity 9543K, committed 9600K, reserved 1048576K
Event: 106.427 GC heap after
Heap after GC invocations=21 (full 4):
 PSYoungGen      total 214528K, used 35750K [0x0000000760000000, 0x0000000771f80000, 0x00000007c0000000)
  eden space 164864K, 0% used [0x0000000760000000,0x0000000760000000,0x000000076a100000)
  from space 49664K, 71% used [0x000000076a100000,0x000000076c3e9a78,0x000000076d180000)
  to   space 53248K, 0% used [0x000000076eb80000,0x000000076eb80000,0x0000000771f80000)
 ParOldGen       total 207872K, used 101537K [0x00000006a0000000, 0x00000006acb00000, 0x0000000760000000)
  object space 207872K, 48% used [0x00000006a0000000,0x00000006a6328690,0x00000006acb00000)
 Metaspace       used 66335K, capacity 68634K, committed 68736K, reserved 1107968K
  class space    used 9027K, capacity 9543K, committed 9600K, reserved 1048576K
}

