# JRE version: OpenJDK Runtime Environment (8.0_202-b03) (build 1.8.0_202-release-1483-b03)
# Java VM: OpenJDK 64-Bit Server VM (25.202-b03 mixed mode windows-amd64 compressed oops)
Heap:
 PSYoungGen      total 224256K, used 74440K [0x0000000760000000, 0x0000000777680000, 0x00000007c0000000)
  eden space 176640K, 37% used [0x0000000760000000,0x0000000764141fe0,0x000000076ac80000)
  from space 47616K, 15% used [0x000000076f780000,0x000000076fef0270,0x0000000772600000)
  to   space 76800K, 0% used [0x000000076ac80000,0x000000076ac80000,0x000000076f780000)
 ParOldGen       total 130048K, used 129980K [0x00000006a0000000, 0x00000006a7f00000, 0x0000000760000000)
  object space 130048K, 99% used [0x00000006a0000000,0x00000006a7eef020,0x00000006a7f00000)
 Metaspace       used 84558K, capacity 87494K, committed 87640K, reserved 1126400K
  class space    used 10854K, capacity 11529K, committed 11648K, reserved 1048576K
GC Heap History (10 events):
Event: 2177.658 GC heap before
{Heap before GC invocations=20 (full 3):
 PSYoungGen      total 191488K, used 191480K [0x0000000760000000, 0x000000076f280000, 0x00000007c0000000)
  eden space 170496K, 100% used [0x0000000760000000,0x000000076a680000,0x000000076a680000)
  from space 20992K, 99% used [0x000000076c400000,0x000000076d87e218,0x000000076d880000)
  to   space 30208K, 0% used [0x000000076a680000,0x000000076a680000,0x000000076c400000)
 ParOldGen       total 99840K, used 50599K [0x00000006a0000000, 0x00000006a6180000, 0x0000000760000000)
  object space 99840K, 50% used [0x00000006a0000000,0x00000006a3169ef8,0x00000006a6180000)
 Metaspace       used 70993K, capacity 73208K, committed 73432K, reserved 1114112K
  class space    used 9153K, capacity 9712K, committed 9728K, reserved 1048576K
Event: 2177.857 GC heap after
Heap after GC invocations=20 (full 3):
 PSYoungGen      total 200704K, used 21953K [0x0000000760000000, 0x000000076f800000, 0x00000007c0000000)
  eden space 170496K, 0% used [0x0000000760000000,0x0000000760000000,0x000000076a680000)
  from space 30208K, 72% used [0x000000076a680000,0x000000076bbf0758,0x000000076c400000)
  to   space 32256K, 0% used [0x000000076d880000,0x000000076d880000,0x000000076f800000)
 ParOldGen       total 99840K, used 54799K [0x00000006a0000000, 0x00000006a6180000, 0x0000000760000000)
  object space 99840K, 54% used [0x00000006a0000000,0x00000006a3583ca8,0x00000006a6180000)
 Metaspace       used 70993K, capacity 73208K, committed 73432K, reserved 1114112K
  class space    used 9153K, capacity 9712K, committed 9728K, reserved 1048576K
}
Event: 2221.502 GC heap before
{Heap before GC invocations=21 (full 3):
 PSYoungGen      total 200704K, used 192449K [0x0000000760000000, 0x000000076f800000, 0x00000007c0000000)
  eden space 170496K, 100% used [0x0000000760000000,0x000000076a680000,0x000000076a680000)
  from space 30208K, 72% used [0x000000076a680000,0x000000076bbf0758,0x000000076c400000)
  to   space 32256K, 0% used [0x000000076d880000,0x000000076d880000,0x000000076f800000)
 ParOldGen       total 99840K, used 54799K [0x00000006a0000000, 0x00000006a6180000, 0x0000000760000000)
  object space 99840K, 54% used [0x00000006a0000000,0x00000006a3583ca8,0x00000006a6180000)
 Metaspace       used 76719K, capacity 78994K, committed 79192K, reserved 1118208K
  class space    used 9734K, capacity 10297K, committed 10368K, reserved 1048576K
Event: 2221.709 GC heap after
Heap after GC invocations=21 (full 3):
 PSYoungGen      total 218624K, used 27409K [0x0000000760000000, 0x000000076fc00000, 0x00000007c0000000)
  eden space 186368K, 0% used [0x0000000760000000,0x0000000760000000,0x000000076b600000)
  from space 32256K, 84% used [0x000000076d880000,0x000000076f3446e0,0x000000076f800000)
  to   space 35328K, 0% used [0x000000076b600000,0x000000076b600000,0x000000076d880000)
 ParOldGen       total 99840K, used 54799K [0x00000006a0000000, 0x00000006a6180000, 0x0000000760000000)
  object space 99840K, 54% used [0x00000006a0000000,0x00000006a3583ca8,0x00000006a6180000)
 Metaspace       used 76719K, capacity 78994K, committed 79192K, reserved 1118208K
  class space    used 9734K, capacity 10297K, committed 10368K, reserved 1048576K
}
Event: 2289.233 GC heap before
{Heap before GC invocations=22 (full 3):
 PSYoungGen      total 218624K, used 213777K [0x0000000760000000, 0x000000076fc00000, 0x00000007c0000000)
  eden space 186368K, 100% used [0x0000000760000000,0x000000076b600000,0x000000076b600000)
  from space 32256K, 84% used [0x000000076d880000,0x000000076f3446e0,0x000000076f800000)
  to   space 35328K, 0% used [0x000000076b600000,0x000000076b600000,0x000000076d880000)
 ParOldGen       total 99840K, used 54799K [0x00000006a0000000, 0x00000006a6180000, 0x0000000760000000)
  object space 99840K, 54% used [0x00000006a0000000,0x00000006a3583ca8,0x00000006a6180000)
 Metaspace       used 83485K, capacity 86316K, committed 86360K, reserved 1124352K
  class space    used 10703K, capacity 11354K, committed 11392K, reserved 1048576K
Event: 2289.962 GC heap after
Heap after GC invocations=22 (full 3):
 PSYoungGen      total 221696K, used 35317K [0x0000000760000000, 0x0000000772600000, 0x00000007c0000000)
  eden space 186368K, 0% used [0x0000000760000000,0x0000000760000000,0x000000076b600000)
  from space 35328K, 99% used [0x000000076b600000,0x000000076d87d700,0x000000076d880000)
  to   space 47616K, 0% used [0x000000076f780000,0x000000076f780000,0x0000000772600000)
 ParOldGen       total 99840K, used 72613K [0x00000006a0000000, 0x00000006a6180000, 0x0000000760000000)
  object space 99840K, 72% used [0x00000006a0000000,0x00000006a46e9440,0x00000006a6180000)
 Metaspace       used 83485K, capacity 86316K, committed 86360K, reserved 1124352K
  class space    used 10703K, capacity 11354K, committed 11392K, reserved 1048576K
}
Event: 2301.537 GC heap before
{Heap before GC invocations=23 (full 3):
 PSYoungGen      total 221696K, used 221685K [0x0000000760000000, 0x0000000772600000, 0x00000007c0000000)
  eden space 186368K, 100% used [0x0000000760000000,0x000000076b600000,0x000000076b600000)
  from space 35328K, 99% used [0x000000076b600000,0x000000076d87d700,0x000000076d880000)
  to   space 47616K, 0% used [0x000000076f780000,0x000000076f780000,0x0000000772600000)
 ParOldGen       total 99840K, used 72613K [0x00000006a0000000, 0x00000006a6180000, 0x0000000760000000)
  object space 99840K, 72% used [0x00000006a0000000,0x00000006a46e9440,0x00000006a6180000)
 Metaspace       used 84485K, capacity 87448K, committed 87640K, reserved 1126400K
  class space    used 10858K, capacity 11536K, committed 11648K, reserved 1048576K
Event: 2303.101 GC heap after
Heap after GC invocations=23 (full 3):
 PSYoungGen      total 224256K, used 47600K [0x0000000760000000, 0x0000000777680000, 0x00000007c0000000)
  eden space 176640K, 0% used [0x0000000760000000,0x0000000760000000,0x000000076ac80000)
  from space 47616K, 99% used [0x000000076f780000,0x00000007725fc050,0x0000000772600000)
  to   space 76800K, 0% used [0x000000076ac80000,0x000000076ac80000,0x000000076f780000)
 ParOldGen       total 130048K, used 129811K [0x00000006a0000000, 0x00000006a7f00000, 0x0000000760000000)
  object space 130048K, 99% used [0x00000006a0000000,0x00000006a7ec4de0,0x00000006a7f00000)
 Metaspace       used 84485K, capacity 87448K, committed 87640K, reserved 1126400K
  class space    used 10858K, capacity 11536K, committed 11648K, reserved 1048576K
}
Event: 2303.230 GC heap before
{Heap before GC invocations=24 (full 4):
 PSYoungGen      total 224256K, used 47600K [0x0000000760000000, 0x0000000777680000, 0x00000007c0000000)
  eden space 176640K, 0% used [0x0000000760000000,0x0000000760000000,0x000000076ac80000)
  from space 47616K, 99% used [0x000000076f780000,0x00000007725fc050,0x0000000772600000)
  to   space 76800K, 0% used [0x000000076ac80000,0x000000076ac80000,0x000000076f780000)
 ParOldGen       total 130048K, used 129811K [0x00000006a0000000, 0x00000006a7f00000, 0x0000000760000000)
  object space 130048K, 99% used [0x00000006a0000000,0x00000006a7ec4de0,0x00000006a7f00000)
 Metaspace       used 84485K, capacity 87448K, committed 87640K, reserved 1126400K
  class space    used 10858K, capacity 11536K, committed 11648K, reserved 1048576K
Event: 2351.415 GC heap after
Heap after GC invocations=24 (full 4):
 PSYoungGen      total 224256K, used 7616K [0x0000000760000000, 0x0000000777680000, 0x00000007c0000000)
  eden space 176640K, 0% used [0x0000000760000000,0x0000000760000000,0x000000076ac80000)
  from space 47616K, 15% used [0x000000076f780000,0x000000076fef0270,0x0000000772600000)
  to   space 76800K, 0% used [0x000000076ac80000,0x000000076ac80000,0x000000076f780000)
 ParOldGen       total 130048K, used 129980K [0x00000006a0000000, 0x00000006a7f00000, 0x0000000760000000)
  object space 130048K, 99% used [0x00000006a0000000,0x00000006a7eef020,0x00000006a7f00000)
 Metaspace       used 84475K, capacity 87430K, committed 87640K, reserved 1126400K
  class space    used 10854K, capacity 11529K, committed 11648K, reserved 1048576K
}

