# JRE version: OpenJDK Runtime Environment (8.0_202-b03) (build 1.8.0_202-release-1483-b03)
# Java VM: OpenJDK 64-Bit Server VM (25.202-b03 mixed mode windows-amd64 compressed oops)
Heap:
 PSYoungGen      total 293376K, used 142439K [0x0000000760000000, 0x000000077bd80000, 0x00000007c0000000)
  eden space 272896K, 52% used [0x0000000760000000,0x0000000768b19f08,0x0000000770a80000)
  from space 20480K, 0% used [0x0000000770a80000,0x0000000770a80000,0x0000000771e80000)
  to   space 35840K, 0% used [0x0000000779a80000,0x0000000779a80000,0x000000077bd80000)
 ParOldGen       total 73728K, used 56952K [0x00000006a0000000, 0x00000006a4800000, 0x0000000760000000)
  object space 73728K, 77% used [0x00000006a0000000,0x00000006a379e3a8,0x00000006a4800000)
 Metaspace       used 81145K, capacity 84224K, committed 84264K, reserved 1122304K
  class space    used 10893K, capacity 11556K, committed 11560K, reserved 1048576K
GC Heap History (10 events):
Event: 176.876 GC heap before
{Heap before GC invocations=16 (full 3):
 PSYoungGen      total 203264K, used 800K [0x0000000760000000, 0x0000000773400000, 0x00000007c0000000)
  eden space 185344K, 0% used [0x0000000760000000,0x0000000760000000,0x000000076b500000)
  from space 17920K, 4% used [0x000000076b500000,0x000000076b5c8000,0x000000076c680000)
  to   space 17920K, 0% used [0x0000000772280000,0x0000000772280000,0x0000000773400000)
 ParOldGen       total 49152K, used 37827K [0x00000006a0000000, 0x00000006a3000000, 0x0000000760000000)
  object space 49152K, 76% used [0x00000006a0000000,0x00000006a24f0d00,0x00000006a3000000)
 Metaspace       used 57484K, capacity 59114K, committed 59160K, reserved 1099776K
  class space    used 7785K, capacity 8193K, committed 8232K, reserved 1048576K
Event: 177.682 GC heap after
Heap after GC invocations=16 (full 3):
 PSYoungGen      total 203264K, used 0K [0x0000000760000000, 0x0000000773400000, 0x00000007c0000000)
  eden space 185344K, 0% used [0x0000000760000000,0x0000000760000000,0x000000076b500000)
  from space 17920K, 0% used [0x000000076b500000,0x000000076b500000,0x000000076c680000)
  to   space 17920K, 0% used [0x0000000772280000,0x0000000772280000,0x0000000773400000)
 ParOldGen       total 73728K, used 31260K [0x00000006a0000000, 0x00000006a4800000, 0x0000000760000000)
  object space 73728K, 42% used [0x00000006a0000000,0x00000006a1e87178,0x00000006a4800000)
 Metaspace       used 57484K, capacity 59114K, committed 59160K, reserved 1099776K
  class space    used 7785K, capacity 8193K, committed 8232K, reserved 1048576K
}
Event: 259.557 GC heap before
{Heap before GC invocations=17 (full 3):
 PSYoungGen      total 203264K, used 185344K [0x0000000760000000, 0x0000000773400000, 0x00000007c0000000)
  eden space 185344K, 100% used [0x0000000760000000,0x000000076b500000,0x000000076b500000)
  from space 17920K, 0% used [0x000000076b500000,0x000000076b500000,0x000000076c680000)
  to   space 17920K, 0% used [0x0000000772280000,0x0000000772280000,0x0000000773400000)
 ParOldGen       total 73728K, used 31260K [0x00000006a0000000, 0x00000006a4800000, 0x0000000760000000)
  object space 73728K, 42% used [0x00000006a0000000,0x00000006a1e87178,0x00000006a4800000)
 Metaspace       used 60794K, capacity 62692K, committed 62760K, reserved 1103872K
  class space    used 8197K, capacity 8680K, committed 8744K, reserved 1048576K
Event: 259.642 GC heap after
Heap after GC invocations=17 (full 3):
 PSYoungGen      total 286208K, used 16046K [0x0000000760000000, 0x0000000773280000, 0x00000007c0000000)
  eden space 269824K, 0% used [0x0000000760000000,0x0000000760000000,0x0000000770780000)
  from space 16384K, 97% used [0x0000000772280000,0x000000077322bbe0,0x0000000773280000)
  to   space 20480K, 0% used [0x0000000770a80000,0x0000000770a80000,0x0000000771e80000)
 ParOldGen       total 73728K, used 31268K [0x00000006a0000000, 0x00000006a4800000, 0x0000000760000000)
  object space 73728K, 42% used [0x00000006a0000000,0x00000006a1e89178,0x00000006a4800000)
 Metaspace       used 60794K, capacity 62692K, committed 62760K, reserved 1103872K
  class space    used 8197K, capacity 8680K, committed 8744K, reserved 1048576K
}
Event: 312.763 GC heap before
{Heap before GC invocations=18 (full 3):
 PSYoungGen      total 286208K, used 285870K [0x0000000760000000, 0x0000000773280000, 0x00000007c0000000)
  eden space 269824K, 100% used [0x0000000760000000,0x0000000770780000,0x0000000770780000)
  from space 16384K, 97% used [0x0000000772280000,0x000000077322bbe0,0x0000000773280000)
  to   space 20480K, 0% used [0x0000000770a80000,0x0000000770a80000,0x0000000771e80000)
 ParOldGen       total 73728K, used 31268K [0x00000006a0000000, 0x00000006a4800000, 0x0000000760000000)
  object space 73728K, 42% used [0x00000006a0000000,0x00000006a1e89178,0x00000006a4800000)
 Metaspace       used 73058K, capacity 75742K, committed 75944K, reserved 1114112K
  class space    used 9925K, capacity 10537K, committed 10664K, reserved 1048576K
Event: 312.953 GC heap after
Heap after GC invocations=18 (full 3):
 PSYoungGen      total 293376K, used 20448K [0x0000000760000000, 0x000000077bd80000, 0x00000007c0000000)
  eden space 272896K, 0% used [0x0000000760000000,0x0000000760000000,0x0000000770a80000)
  from space 20480K, 99% used [0x0000000770a80000,0x0000000771e78238,0x0000000771e80000)
  to   space 35840K, 0% used [0x0000000779a80000,0x0000000779a80000,0x000000077bd80000)
 ParOldGen       total 73728K, used 63887K [0x00000006a0000000, 0x00000006a4800000, 0x0000000760000000)
  object space 73728K, 86% used [0x00000006a0000000,0x00000006a3e63eb0,0x00000006a4800000)
 Metaspace       used 73058K, capacity 75742K, committed 75944K, reserved 1114112K
  class space    used 9925K, capacity 10537K, committed 10664K, reserved 1048576K
}
Event: 312.953 GC heap before
{Heap before GC invocations=19 (full 4):
 PSYoungGen      total 293376K, used 20448K [0x0000000760000000, 0x000000077bd80000, 0x00000007c0000000)
  eden space 272896K, 0% used [0x0000000760000000,0x0000000760000000,0x0000000770a80000)
  from space 20480K, 99% used [0x0000000770a80000,0x0000000771e78238,0x0000000771e80000)
  to   space 35840K, 0% used [0x0000000779a80000,0x0000000779a80000,0x000000077bd80000)
 ParOldGen       total 73728K, used 63887K [0x00000006a0000000, 0x00000006a4800000, 0x0000000760000000)
  object space 73728K, 86% used [0x00000006a0000000,0x00000006a3e63eb0,0x00000006a4800000)
 Metaspace       used 73058K, capacity 75742K, committed 75944K, reserved 1114112K
  class space    used 9925K, capacity 10537K, committed 10664K, reserved 1048576K
Event: 315.115 GC heap after
Heap after GC invocations=19 (full 4):
 PSYoungGen      total 293376K, used 9646K [0x0000000760000000, 0x000000077bd80000, 0x00000007c0000000)
  eden space 272896K, 0% used [0x0000000760000000,0x0000000760000000,0x0000000770a80000)
  from space 20480K, 47% used [0x0000000770a80000,0x00000007713eb890,0x0000000771e80000)
  to   space 35840K, 0% used [0x0000000779a80000,0x0000000779a80000,0x000000077bd80000)
 ParOldGen       total 73728K, used 73490K [0x00000006a0000000, 0x00000006a4800000, 0x0000000760000000)
  object space 73728K, 99% used [0x00000006a0000000,0x00000006a47c4838,0x00000006a4800000)
 Metaspace       used 73054K, capacity 75730K, committed 75944K, reserved 1114112K
  class space    used 9924K, capacity 10535K, committed 10664K, reserved 1048576K
}
Event: 326.655 GC heap before
{Heap before GC invocations=20 (full 5):
 PSYoungGen      total 293376K, used 282542K [0x0000000760000000, 0x000000077bd80000, 0x00000007c0000000)
  eden space 272896K, 100% used [0x0000000760000000,0x0000000770a80000,0x0000000770a80000)
  from space 20480K, 47% used [0x0000000770a80000,0x00000007713eb890,0x0000000771e80000)
  to   space 35840K, 0% used [0x0000000779a80000,0x0000000779a80000,0x000000077bd80000)
 ParOldGen       total 73728K, used 73490K [0x00000006a0000000, 0x00000006a4800000, 0x0000000760000000)
  object space 73728K, 99% used [0x00000006a0000000,0x00000006a47c4838,0x00000006a4800000)
 Metaspace       used 74352K, capacity 77060K, committed 77352K, reserved 1116160K
  class space    used 10090K, capacity 10712K, committed 10792K, reserved 1048576K
Event: 327.269 GC heap after
Heap after GC invocations=20 (full 5):
 PSYoungGen      total 293376K, used 0K [0x0000000760000000, 0x000000077bd80000, 0x00000007c0000000)
  eden space 272896K, 0% used [0x0000000760000000,0x0000000760000000,0x0000000770a80000)
  from space 20480K, 0% used [0x0000000770a80000,0x0000000770a80000,0x0000000771e80000)
  to   space 35840K, 0% used [0x0000000779a80000,0x0000000779a80000,0x000000077bd80000)
 ParOldGen       total 73728K, used 56952K [0x00000006a0000000, 0x00000006a4800000, 0x0000000760000000)
  object space 73728K, 77% used [0x00000006a0000000,0x00000006a379e3a8,0x00000006a4800000)
 Metaspace       used 74352K, capacity 77060K, committed 77352K, reserved 1116160K
  class space    used 10090K, capacity 10712K, committed 10792K, reserved 1048576K
}

