# JRE version: OpenJDK Runtime Environment (8.0_202-b03) (build 1.8.0_202-release-1483-b03)
# Java VM: OpenJDK 64-Bit Server VM (25.202-b03 mixed mode windows-amd64 compressed oops)
Heap:
 PSYoungGen      total 335360K, used 75385K [0x0000000760000000, 0x0000000776000000, 0x00000007c0000000)
  eden space 312320K, 21% used [0x0000000760000000,0x00000007640d1038,0x0000000773100000)
  from space 23040K, 39% used [0x0000000773300000,0x0000000773bcd528,0x0000000774980000)
  to   space 15872K, 0% used [0x0000000775080000,0x0000000775080000,0x0000000776000000)
 ParOldGen       total 122880K, used 122665K [0x00000006a0000000, 0x00000006a7800000, 0x0000000760000000)
  object space 122880K, 99% used [0x00000006a0000000,0x00000006a77ca600,0x00000006a7800000)
 Metaspace       used 79828K, capacity 82776K, committed 83072K, reserved 1120256K
  class space    used 10658K, capacity 11294K, committed 11392K, reserved 1048576K
GC Heap History (10 events):
Event: 32.746 GC heap before
{Heap before GC invocations=15 (full 3):
 PSYoungGen      total 263680K, used 11223K [0x0000000760000000, 0x0000000771780000, 0x00000007c0000000)
  eden space 248320K, 0% used [0x0000000760000000,0x0000000760000000,0x000000076f280000)
  from space 15360K, 73% used [0x0000000770880000,0x0000000771375e10,0x0000000771780000)
  to   space 18944K, 0% used [0x000000076f280000,0x000000076f280000,0x0000000770500000)
 ParOldGen       total 47104K, used 36543K [0x00000006a0000000, 0x00000006a2e00000, 0x0000000760000000)
  object space 47104K, 77% used [0x00000006a0000000,0x00000006a23afda8,0x00000006a2e00000)
 Metaspace       used 57399K, capacity 58944K, committed 59096K, reserved 1099776K
  class space    used 7805K, capacity 8198K, committed 8320K, reserved 1048576K
Event: 33.581 GC heap after
Heap after GC invocations=15 (full 3):
 PSYoungGen      total 263680K, used 0K [0x0000000760000000, 0x0000000771780000, 0x00000007c0000000)
  eden space 248320K, 0% used [0x0000000760000000,0x0000000760000000,0x000000076f280000)
  from space 15360K, 0% used [0x0000000770880000,0x0000000770880000,0x0000000771780000)
  to   space 18944K, 0% used [0x000000076f280000,0x000000076f280000,0x0000000770500000)
 ParOldGen       total 76288K, used 35619K [0x00000006a0000000, 0x00000006a4a80000, 0x0000000760000000)
  object space 76288K, 46% used [0x00000006a0000000,0x00000006a22c8f28,0x00000006a4a80000)
 Metaspace       used 57399K, capacity 58944K, committed 59096K, reserved 1099776K
  class space    used 7805K, capacity 8198K, committed 8320K, reserved 1048576K
}
Event: 52.233 GC heap before
{Heap before GC invocations=16 (full 3):
 PSYoungGen      total 263680K, used 248320K [0x0000000760000000, 0x0000000771780000, 0x00000007c0000000)
  eden space 248320K, 100% used [0x0000000760000000,0x000000076f280000,0x000000076f280000)
  from space 15360K, 0% used [0x0000000770880000,0x0000000770880000,0x0000000771780000)
  to   space 18944K, 0% used [0x000000076f280000,0x000000076f280000,0x0000000770500000)
 ParOldGen       total 76288K, used 35619K [0x00000006a0000000, 0x00000006a4a80000, 0x0000000760000000)
  object space 76288K, 46% used [0x00000006a0000000,0x00000006a22c8f28,0x00000006a4a80000)
 Metaspace       used 60954K, capacity 62906K, committed 62976K, reserved 1103872K
  class space    used 8216K, capacity 8685K, committed 8704K, reserved 1048576K
Event: 52.340 GC heap after
Heap after GC invocations=16 (full 3):
 PSYoungGen      total 267264K, used 18915K [0x0000000760000000, 0x0000000776600000, 0x00000007c0000000)
  eden space 248320K, 0% used [0x0000000760000000,0x0000000760000000,0x000000076f280000)
  from space 18944K, 99% used [0x000000076f280000,0x00000007704f8eb0,0x0000000770500000)
  to   space 22016K, 0% used [0x0000000775080000,0x0000000775080000,0x0000000776600000)
 ParOldGen       total 76288K, used 36619K [0x00000006a0000000, 0x00000006a4a80000, 0x0000000760000000)
  object space 76288K, 48% used [0x00000006a0000000,0x00000006a23c2f90,0x00000006a4a80000)
 Metaspace       used 60954K, capacity 62906K, committed 62976K, reserved 1103872K
  class space    used 8216K, capacity 8685K, committed 8704K, reserved 1048576K
}
Event: 824.327 GC heap before
{Heap before GC invocations=17 (full 3):
 PSYoungGen      total 267264K, used 267235K [0x0000000760000000, 0x0000000776600000, 0x00000007c0000000)
  eden space 248320K, 100% used [0x0000000760000000,0x000000076f280000,0x000000076f280000)
  from space 18944K, 99% used [0x000000076f280000,0x00000007704f8eb0,0x0000000770500000)
  to   space 22016K, 0% used [0x0000000775080000,0x0000000775080000,0x0000000776600000)
 ParOldGen       total 76288K, used 36619K [0x00000006a0000000, 0x00000006a4a80000, 0x0000000760000000)
  object space 76288K, 48% used [0x00000006a0000000,0x00000006a23c2f90,0x00000006a4a80000)
 Metaspace       used 66828K, capacity 69022K, committed 69248K, reserved 1110016K
  class space    used 8816K, capacity 9309K, committed 9344K, reserved 1048576K
Event: 824.479 GC heap after
Heap after GC invocations=17 (full 3):
 PSYoungGen      total 328192K, used 15791K [0x0000000760000000, 0x0000000776000000, 0x00000007c0000000)
  eden space 312320K, 0% used [0x0000000760000000,0x0000000760000000,0x0000000773100000)
  from space 15872K, 99% used [0x0000000775080000,0x0000000775febef8,0x0000000776000000)
  to   space 23040K, 0% used [0x0000000773300000,0x0000000773300000,0x0000000774980000)
 ParOldGen       total 76288K, used 52928K [0x00000006a0000000, 0x00000006a4a80000, 0x0000000760000000)
  object space 76288K, 69% used [0x00000006a0000000,0x00000006a33b01f0,0x00000006a4a80000)
 Metaspace       used 66828K, capacity 69022K, committed 69248K, reserved 1110016K
  class space    used 8816K, capacity 9309K, committed 9344K, reserved 1048576K
}
Event: 853.893 GC heap before
{Heap before GC invocations=18 (full 3):
 PSYoungGen      total 328192K, used 328111K [0x0000000760000000, 0x0000000776000000, 0x00000007c0000000)
  eden space 312320K, 100% used [0x0000000760000000,0x0000000773100000,0x0000000773100000)
  from space 15872K, 99% used [0x0000000775080000,0x0000000775febef8,0x0000000776000000)
  to   space 23040K, 0% used [0x0000000773300000,0x0000000773300000,0x0000000774980000)
 ParOldGen       total 76288K, used 52928K [0x00000006a0000000, 0x00000006a4a80000, 0x0000000760000000)
  object space 76288K, 69% used [0x00000006a0000000,0x00000006a33b01f0,0x00000006a4a80000)
 Metaspace       used 79710K, capacity 82736K, committed 83072K, reserved 1120256K
  class space    used 10660K, capacity 11304K, committed 11392K, reserved 1048576K
Event: 854.594 GC heap after
Heap after GC invocations=18 (full 3):
 PSYoungGen      total 335360K, used 23015K [0x0000000760000000, 0x0000000776000000, 0x00000007c0000000)
  eden space 312320K, 0% used [0x0000000760000000,0x0000000760000000,0x0000000773100000)
  from space 23040K, 99% used [0x0000000773300000,0x0000000774979dd0,0x0000000774980000)
  to   space 15872K, 0% used [0x0000000775080000,0x0000000775080000,0x0000000776000000)
 ParOldGen       total 122880K, used 122435K [0x00000006a0000000, 0x00000006a7800000, 0x0000000760000000)
  object space 122880K, 99% used [0x00000006a0000000,0x00000006a7790e00,0x00000006a7800000)
 Metaspace       used 79710K, capacity 82736K, committed 83072K, reserved 1120256K
  class space    used 10660K, capacity 11304K, committed 11392K, reserved 1048576K
}
Event: 854.594 GC heap before
{Heap before GC invocations=19 (full 4):
 PSYoungGen      total 335360K, used 23015K [0x0000000760000000, 0x0000000776000000, 0x00000007c0000000)
  eden space 312320K, 0% used [0x0000000760000000,0x0000000760000000,0x0000000773100000)
  from space 23040K, 99% used [0x0000000773300000,0x0000000774979dd0,0x0000000774980000)
  to   space 15872K, 0% used [0x0000000775080000,0x0000000775080000,0x0000000776000000)
 ParOldGen       total 122880K, used 122435K [0x00000006a0000000, 0x00000006a7800000, 0x0000000760000000)
  object space 122880K, 99% used [0x00000006a0000000,0x00000006a7790e00,0x00000006a7800000)
 Metaspace       used 79710K, capacity 82736K, committed 83072K, reserved 1120256K
  class space    used 10660K, capacity 11304K, committed 11392K, reserved 1048576K
Event: 859.598 GC heap after
Heap after GC invocations=19 (full 4):
 PSYoungGen      total 335360K, used 9013K [0x0000000760000000, 0x0000000776000000, 0x00000007c0000000)
  eden space 312320K, 0% used [0x0000000760000000,0x0000000760000000,0x0000000773100000)
  from space 23040K, 39% used [0x0000000773300000,0x0000000773bcd528,0x0000000774980000)
  to   space 15872K, 0% used [0x0000000775080000,0x0000000775080000,0x0000000776000000)
 ParOldGen       total 122880K, used 122665K [0x00000006a0000000, 0x00000006a7800000, 0x0000000760000000)
  object space 122880K, 99% used [0x00000006a0000000,0x00000006a77ca600,0x00000006a7800000)
 Metaspace       used 79689K, capacity 82680K, committed 83072K, reserved 1120256K
  class space    used 10653K, capacity 11292K, committed 11392K, reserved 1048576K
}

